Starting Serial Monitor on raspberrypi:/dev/ttyUSB0
--- Available filters and text transformations: colorize, debug, default, direct, hexlify, log2file, nocontrol, printable, send_on_enter, time
--- More details at https://bit.ly/pio-monitor-filters
/diags.txt
/favicon.ico
/favicon.ico
/favicon.ico
/favicon.ico
/favicon.ico
/favicon.ico
/favicon.ico
/favicon.ico
/favicon.ico
/favicon.ico
 *
 *
 *
 *
/favicon.ico
/favicon.ico
/favicon.ico
/favicon.ico
/favicon.ico
/favicon.ico
/favicon.ico
/favicon.ico
/favicon.ico
/favicon.ico
/favicon.ico
/favicon.ico
/favicon.ico
/favicon.ico
/favicon.ico
/favicon.ico
/favicon.ico
/favicon.ico
/favicon.ico
/favicon.ico
/favicon.ico
/favicon.ico
/favicon.ico
/favicon.ico
/favicon.ico
/favicon.ico
OTA updating 
Progress: 0%
Progress: 0%
Progress: 0%
Progress: 1%
Progress: 1%
Progress: 1%
Progress: 2%
Progress: 2%
Progress: 2%
Progress: 3%
Progress: 3%
Progress: 4%
Progress: 4%
Progress: 4%
Progress: 5%
Progress: 5%
Progress: 5%
Progress: 6%
Progress: 6%
Progress: 7%
Progress: 7%
Progress: 7%
Progress: 8%
Progress: 8%
Progress: 8%
Progress: 9%
Progress: 9%
Progress: 10%
Progress: 10%
Progress: 10%
Progress: 11%
Progress: 11%
Progress: 11%
Progress: 12%
Progress: 12%
Progress: 13%
Progress: 13%
Progress: 13%
Progress: 14%
Progress: 14%
Progress: 14%
Progress: 15%
Progress: 15%
Progress: 16%
Progress: 16%
Progress: 16%
Progress: 17%
Progress: 17%
Progress: 17%
Progress: 18%
Progress: 18%
Progress: 18%
Progress: 19%
Progress: 19%
Progress: 20%
Progress: 20%
Progress: 20%
Progress: 21%
Progress: 21%
Progress: 21%
Progress: 22%
Progress: 22%
Progress: 23%
Progress: 23%
Progress: 23%
Progress: 24%
Progress: 24%
Progress: 24%
Progress: 25%
Progress: 25%
Progress: 26%
Progress: 26%
Progress: 26%
Progress: 27%
Progress: 27%
Progress: 27%
Progress: 28%
Progress: 28%
Progress: 29%
Progress: 29%
Progress: 29%
Progress: 30%
Progress: 30%
Progress: 30%
Progress: 31%
Progress: 31%
Progress: 32%
Progress: 32%
Progress: 32%
Progress: 33%
Progress: 33%
Progress: 33%
Progress: 34%
Progress: 34%
Progress: 34%
Progress: 35%
Progress: 35%
Progress: 36%
Progress: 36%
Progress: 36%
Progress: 37%
Progress: 37%
Progress: 37%
Progress: 38%
Progress: 38%
Progress: 39%
Progress: 39%
Progress: 39%
Progress: 40%
Progress: 40%
Progress: 40%
Progress: 41%
Progress: 41%
Progress: 42%
Progress: 42%
Progress: 42%
Progress: 43%
Progress: 43%
Progress: 43%
Progress: 44%
Progress: 44%
Progress: 45%
Progress: 45%
Progress: 45%
Progress: 46%
Progress: 46%
Progress: 46%
Progress: 47%
Progress: 47%
Progress: 48%
Progress: 48%
Progress: 48%
Progress: 49%
Progress: 49%
Progress: 49%
Progress: 50%
Progress: 50%
Progress: 50%
Progress: 51%
Progress: 51%
Progress: 52%
Progress: 52%
Progress: 52%
Progress: 53%
Progress: 53%
Progress: 53%
Progress: 54%
Progress: 54%
Progress: 55%
Progress: 55%
Progress: 55%
Progress: 56%
Progress: 56%
Progress: 56%
Progress: 57%
Progress: 57%
Progress: 58%
Progress: 58%
Progress: 58%
Progress: 59%
Progress: 59%
Progress: 59%
Progress: 60%
Progress: 60%
Progress: 61%
Progress: 61%
Progress: 61%
Progress: 62%
Progress: 62%
Progress: 62%
Progress: 63%
Progress: 63%
Progress: 64%
Progress: 64%
Progress: 64%
Progress: 65%
Progress: 65%
Progress: 65%
Progress: 66%
Progress: 66%
Progress: 66%
Progress: 67%
Progress: 67%
Progress: 68%
Progress: 68%
Progress: 68%
Progress: 69%
Progress: 69%
Progress: 69%
Progress: 70%
Progress: 70%
Progress: 71%
Progress: 71%
Progress: 71%
Progress: 72%
Progress: 72%
Progress: 72%
Progress: 73%
Progress: 73%
Progress: 74%
Progress: 74%
Progress: 74%
Progress: 75%
Progress: 75%
Progress: 75%
Progress: 76%
Progress: 76%
Progress: 77%
Progress: 77%
Progress: 77%
Progress: 78%
Progress: 78%
Progress: 78%
Progress: 79%
Progress: 79%
Progress: 80%
Progress: 80%
Progress: 80%
Progress: 81%
Progress: 81%
Progress: 81%
Progress: 82%
Progress: 82%
Progress: 82%
Progress: 83%
Progress: 83%
Progress: 84%
Progress: 84%
Progress: 84%
Progress: 85%
Progress: 85%
Progress: 85%
Progress: 86%
Progress: 86%
Progress: 87%
Progress: 87%
Progress: 87%
Progress: 88%
Progress: 88%
Progress: 88%
Progress: 89%
Progress: 89%
Progress: 90%
Progress: 90%
Progress: 90%
Progress: 91%
Progress: 91%
Progress: 91%
Progress: 92%
Progress: 92%
Progress: 93%
Progress: 93%
Progress: 93%
Progress: 94%
Progress: 94%
Progress: 94%
Progress: 95%
Progress: 95%
Progress: 96%
Progress: 96%
Progress: 96%
Progress: 97%
Progress: 97%
Progress: 97%
Progress: 98%
Progress: 98%
Progress: 98%
Progress: 98%
Progress: 99%
Progress: 100%
End

 ets Jan  8 2013,rst cause:2, boot mode:(3,7)

load 0x4010f000, len 3460, room 16 
tail 4
chksum 0xcc
load 0x3fff20b8, len 40, room 4 
tail 4
chksum 0xc9
csum 0xc9
v0005fc90
@cp:B0
ld

RMS slave 20220707


Connecting to TelstraCF6EC7

local IP address: 
192.168.1.56   signal strength: -55 dBm
OTA Ready
SPI slave started

Date:220708 Time:18:21:31 
3121152 bytes available
360448 bytes used:
Restart caused by Software/System restart
reading last good RMS energy and cost values

670 bytes: 
HTTP/1.1 200 OK
Access-Control-Allow-Headers: Accept, Authorization, Content-Type, Origin
Access-Control-Allow-Methods: GET, OPTIONS
Access-Control-Allow-Origin: *
Access-Control-Expose-Headers: Date
Content-Type: application/json
Date: Fri, 08 Jul 2022 08:21:33 GMT
Content-Length: 354
Connection: close

{"status":"success","data":{"resultType":"matrix","result":[{"metric":{"__name__":"rmsCost1","instance":"192.168.1.56:80","job":"RMSmeter"},"values":[[1657267891,"0.01"],[1657267951,"0.01"],[1657268011,"0.01"],[1657268071,"0.01"],[1657268131,"0.01"],[1657268191,"0.01"],[1657268251,"0.01"],[1657268311,"0.01"],[1657268371,"0.01"],[1657268431,"0.01"]]}]}}

660 bytes: 
HTTP/1.1 200 OK
Access-Control-Allow-Headers: Accept, Authorization, Content-Type, Origin
Access-Control-Allow-Methods: GET, OPTIONS
Access-Control-Allow-Origin: *
Access-Control-Expose-Headers: Date
Content-Type: application/json
Date: Fri, 08 Jul 2022 08:21:33 GMT
Content-Length: 344
Connection: close

{"status":"success","data":{"resultType":"matrix","result":[{"metric":{"__name__":"rmsCost2","instance":"192.168.1.56:80","job":"RMSmeter"},"values":[[1657267891,"0.1"],[1657267951,"0.1"],[1657268011,"0.1"],[1657268071,"0.1"],[1657268131,"0.1"],[1657268191,"0.1"],[1657268251,"0.1"],[1657268311,"0.1"],[1657268371,"0.1"],[1657268431,"0.1"]]}]}}

669 bytes: 
HTTP/1.1 200 OK
Access-Control-Allow-Headers: Accept, Authorization, Content-Type, Origin
Access-Control-Allow-Methods: GET, OPTIONS
Access-Control-Allow-Origin: *
Access-Control-Expose-Headers: Date
Content-Type: application/json
Date: Fri, 08 Jul 2022 08:21:33 GMT
Content-Length: 353
Connection: close

{"status":"success","data":{"resultType":"matrix","result":[{"metric":{"__name__":"rmsCost3","instance":"192.168.1.56:80","job":"RMSmeter"},"values":[[1657267891,"0.69"],[1657267951,"0.7"],[1657268011,"0.71"],[1657268071,"0.71"],[1657268131,"0.71"],[1657268191,"0.71"],[1657268251,"0.71"],[1657268311,"0.71"],[1657268371,"0.71"],[1657268431,"0.71"]]}]}}

660 bytes: 
HTTP/1.1 200 OK
Access-Control-Allow-Headers: Accept, Authorization, Content-Type, Origin
Access-Control-Allow-Methods: GET, OPTIONS
Access-Control-Allow-Origin: *
Access-Control-Expose-Headers: Date
Content-Type: application/json
Date: Fri, 08 Jul 2022 08:21:33 GMT
Content-Length: 344
Connection: close

{"status":"success","data":{"resultType":"matrix","result":[{"metric":{"__name__":"rmsCost4","instance":"192.168.1.56:80","job":"RMSmeter"},"values":[[1657267891,"0.5"],[1657267951,"0.5"],[1657268011,"0.5"],[1657268071,"0.5"],[1657268131,"0.5"],[1657268191,"0.5"],[1657268251,"0.5"],[1657268311,"0.5"],[1657268371,"0.5"],[1657268431,"0.5"]]}]}}

668 bytes: 
HTTP/1.1 200 OK
Access-Control-Allow-Headers: Accept, Authorization, Content-Type, Origin
Access-Control-Allow-Methods: GET, OPTIONS
Access-Control-Allow-Origin: *
Access-Control-Expose-Headers: Date
Content-Type: application/json
Date: Fri, 08 Jul 2022 08:21:34 GMT
Content-Length: 352
Connection: close

{"status":"success","data":{"resultType":"matrix","result":[{"metric":{"__name__":"rmsCost5","instance":"192.168.1.56:80","job":"RMSmeter"},"values":[[1657267891,"8.79"],[1657267951,"8.8"],[1657268011,"8.81"],[1657268071,"8.82"],[1657268131,"8.84"],[1657268191,"8.85"],[1657268251,"8.86"],[1657268311,"8.87"],[1657268371,"8.89"],[1657268431,"8.9"]]}]}}

670 bytes: 
HTTP/1.1 200 OK
Access-Control-Allow-Headers: Accept, Authorization, Content-Type, Origin
Access-Control-Allow-Methods: GET, OPTIONS
Access-Control-Allow-Origin: *
Access-Control-Expose-Headers: Date
Content-Type: application/json
Date: Fri, 08 Jul 2022 08:21:34 GMT
Content-Length: 354
Connection: close

{"status":"success","data":{"resultType":"matrix","result":[{"metric":{"__name__":"rmsCost6","instance":"192.168.1.56:80","job":"RMSmeter"},"values":[[1657267891,"0.09"],[1657267951,"0.09"],[1657268011,"0.09"],[1657268071,"0.09"],[1657268131,"0.09"],[1657268191,"0.09"],[1657268251,"0.09"],[1657268311,"0.09"],[1657268371,"0.09"],[1657268431,"0.09"]]}]}}

690 bytes: 
HTTP/1.1 200 OK
Access-Control-Allow-Headers: Accept, Authorization, Content-Type, Origin
Access-Control-Allow-Methods: GET, OPTIONS
Access-Control-Allow-Origin: *
Access-Control-Expose-Headers: Date
Content-Type: application/json
Date: Fri, 08 Jul 2022 08:21:34 GMT
Content-Length: 374
Connection: close

{"status":"success","data":{"resultType":"matrix","result":[{"metric":{"__name__":"rmsCost7","instance":"192.168.1.56:80","job":"RMSmeter"},"values":[[1657267891,"0.7641"],[1657267951,"0.7641"],[1657268011,"0.7641"],[1657268071,"0.7641"],[1657268131,"0.7641"],[1657268191,"0.7641"],[1657268251,"0.7641"],[1657268311,"0.7641"],[1657268371,"0.7641"],[1657268431,"0.7641"]]}]}}

660 bytes: 
HTTP/1.1 200 OK
Access-Control-Allow-Headers: Accept, Authorization, Content-Type, Origin
Access-Control-Allow-Methods: GET, OPTIONS
Access-Control-Allow-Origin: *
Access-Control-Expose-Headers: Date
Content-Type: application/json
Date: Fri, 08 Jul 2022 08:21:34 GMT
Content-Length: 344
Connection: close

{"status":"success","data":{"resultType":"matrix","result":[{"metric":{"__name__":"rmsCost8","instance":"192.168.1.56:80","job":"RMSmeter"},"values":[[1657267891,"0.1"],[1657267951,"0.1"],[1657268011,"0.1"],[1657268071,"0.1"],[1657268131,"0.1"],[1657268191,"0.1"],[1657268251,"0.1"],[1657268311,"0.1"],[1657268371,"0.1"],[1657268431,"0.1"]]}]}}

689 bytes: 
HTTP/1.1 200 OK
Access-Control-Allow-Headers: Accept, Authorization, Content-Type, Origin
Access-Control-Allow-Methods: GET, OPTIONS
Access-Control-Allow-Origin: *
Access-Control-Expose-Headers: Date
Content-Type: application/json
Date: Fri, 08 Jul 2022 08:21:34 GMT
Content-Length: 373
Connection: close

{"status":"success","data":{"resultType":"matrix","result":[{"metric":{"__name__":"rmsT11_kWh","instance":"192.168.1.56:80","job":"RMSmeter"},"values":[[1657267891,"4.8472"],[1657267951,"4.8661"],[1657268011,"4.911"],[1657268071,"4.9246"],[1657268131,"4.9355"],[1657268191,"4.9461"],[1657268251,"4.9563"],[1657268311,"4.9667"],[1657268371,"4.977"],[1657268431,"4.987"]]}]}}


 query took 2400 ms
HTTP server started
 *
 *
 *
 *
 *
2022-07-08 19:56:50 [warn] Connection is lost to PIO Remote Cloud. Reconnecting
Starting Serial Monitor on raspberrypi:/dev/ttyUSB0
